TN:
SF:src\routes.ts
FN:11,routes
FNF:1
FNH:1
FNDA:2,routes
DA:2,2
DA:3,2
DA:4,2
DA:5,2
DA:6,2
DA:7,2
DA:8,2
DA:9,2
DA:10,2
DA:14,2
DA:15,2
DA:16,2
DA:17,2
DA:18,2
DA:19,2
DA:20,2
DA:21,2
DA:23,2
DA:26,2
LF:19
LH:19
BRF:0
BRH:0
end_of_record
TN:
SF:src\api\amenity\amenity.controller.ts
FN:11,getAllAmenitiesHandler
FN:17,getAmenityHandler
FN:31,createAmenityHandler
FN:45,updateAmenityHandler
FN:57,deleteAmenityHandler
FNF:5
FNH:0
FNDA:0,getAllAmenitiesHandler
FNDA:0,getAmenityHandler
FNDA:0,createAmenityHandler
FNDA:0,updateAmenityHandler
FNDA:0,deleteAmenityHandler
DA:3,2
DA:11,2
DA:12,0
DA:14,0
DA:17,2
DA:18,0
DA:20,0
DA:22,0
DA:23,0
DA:28,0
DA:31,2
DA:32,0
DA:34,0
DA:35,0
DA:40,0
DA:42,0
DA:45,2
DA:46,0
DA:47,0
DA:48,0
DA:49,0
DA:50,0
DA:54,0
DA:57,2
DA:58,0
DA:60,0
DA:62,0
DA:63,0
DA:68,0
DA:70,0
LF:30
LH:6
BRDA:22,0,0,0
BRDA:34,1,0,0
BRDA:34,2,0,0
BRDA:34,2,1,0
BRDA:49,3,0,0
BRDA:62,4,0,0
BRF:6
BRH:0
end_of_record
TN:
SF:src\api\amenity\amenity.service.ts
FN:9,getAllAmenities
FN:14,getAmenityById
FN:24,createAmenity
FN:32,updateAmenity
FN:45,deleteAmenity
FNF:5
FNH:0
FNDA:0,getAllAmenities
FNDA:0,getAmenityById
FNDA:0,createAmenity
FNDA:0,updateAmenity
FNDA:0,deleteAmenity
DA:1,2
DA:5,2
DA:9,2
DA:10,0
DA:11,0
DA:14,2
DA:15,0
DA:21,0
DA:24,2
DA:25,0
DA:29,0
DA:32,2
DA:33,0
DA:42,0
DA:45,2
DA:46,0
DA:52,0
LF:17
LH:7
BRF:0
BRH:0
end_of_record
TN:
SF:src\api\amenity\index.ts
FNF:0
FNH:0
DA:1,2
DA:3,2
DA:11,2
DA:14,2
DA:17,2
DA:20,2
DA:23,2
DA:26,2
DA:28,2
LF:9
LH:9
BRF:0
BRH:0
end_of_record
TN:
SF:src\api\contactInfo\contactInfo.controller.ts
FN:11,getAllContactInfoHandler
FN:17,getContactInfoHandler
FN:31,createContactInfoHandler
FN:45,updateContactInfoHandler
FN:57,deleteContactInfoHandler
FNF:5
FNH:0
FNDA:0,getAllContactInfoHandler
FNDA:0,getContactInfoHandler
FNDA:0,createContactInfoHandler
FNDA:0,updateContactInfoHandler
FNDA:0,deleteContactInfoHandler
DA:3,2
DA:11,2
DA:12,0
DA:14,0
DA:17,2
DA:18,0
DA:20,0
DA:22,0
DA:23,0
DA:28,0
DA:31,2
DA:32,0
DA:34,0
DA:35,0
DA:40,0
DA:42,0
DA:45,2
DA:46,0
DA:47,0
DA:48,0
DA:49,0
DA:50,0
DA:54,0
DA:57,2
DA:58,0
DA:60,0
DA:62,0
DA:63,0
DA:68,0
DA:70,0
LF:30
LH:6
BRDA:22,0,0,0
BRDA:34,1,0,0
BRDA:34,2,0,0
BRDA:34,2,1,0
BRDA:34,2,2,0
BRDA:49,3,0,0
BRDA:62,4,0,0
BRF:7
BRH:0
end_of_record
TN:
SF:src\api\contactInfo\contactInfo.service.ts
FN:9,getAllContactInfo
FN:14,getContactInfoById
FN:24,createContactInfo
FN:32,updateContactInfo
FN:45,deleteContactInfo
FNF:5
FNH:0
FNDA:0,getAllContactInfo
FNDA:0,getContactInfoById
FNDA:0,createContactInfo
FNDA:0,updateContactInfo
FNDA:0,deleteContactInfo
DA:1,2
DA:5,2
DA:9,2
DA:10,0
DA:11,0
DA:14,2
DA:15,0
DA:21,0
DA:24,2
DA:25,0
DA:29,0
DA:32,2
DA:33,0
DA:42,0
DA:45,2
DA:46,0
DA:52,0
LF:17
LH:7
BRF:0
BRH:0
end_of_record
TN:
SF:src\api\contactInfo\index.ts
FNF:0
FNH:0
DA:1,2
DA:3,2
DA:11,2
DA:14,2
DA:17,2
DA:20,2
DA:23,2
DA:26,2
DA:28,2
LF:9
LH:9
BRF:0
BRH:0
end_of_record
TN:
SF:src\api\facility\facility.controller.ts
FN:11,getAllFacilityHandler
FN:17,getFacilityHandler
FN:31,createFacilityHandler
FN:45,updateFacilityHandler
FN:57,deleteFacilityHandler
FNF:5
FNH:0
FNDA:0,getAllFacilityHandler
FNDA:0,getFacilityHandler
FNDA:0,createFacilityHandler
FNDA:0,updateFacilityHandler
FNDA:0,deleteFacilityHandler
DA:3,2
DA:11,2
DA:12,0
DA:14,0
DA:17,2
DA:18,0
DA:20,0
DA:22,0
DA:23,0
DA:28,0
DA:31,2
DA:32,0
DA:34,0
DA:35,0
DA:40,0
DA:42,0
DA:45,2
DA:46,0
DA:47,0
DA:48,0
DA:49,0
DA:50,0
DA:54,0
DA:57,2
DA:58,0
DA:60,0
DA:62,0
DA:63,0
DA:68,0
DA:70,0
LF:30
LH:6
BRDA:22,0,0,0
BRDA:34,1,0,0
BRDA:49,2,0,0
BRDA:62,3,0,0
BRF:4
BRH:0
end_of_record
TN:
SF:src\api\facility\facility.service.ts
FN:9,getAllFacility
FN:14,getFacilityById
FN:24,createFacility
FN:32,updateFacility
FN:45,deleteFacility
FNF:5
FNH:0
FNDA:0,getAllFacility
FNDA:0,getFacilityById
FNDA:0,createFacility
FNDA:0,updateFacility
FNDA:0,deleteFacility
DA:1,2
DA:5,2
DA:9,2
DA:10,0
DA:11,0
DA:14,2
DA:15,0
DA:21,0
DA:24,2
DA:25,0
DA:29,0
DA:32,2
DA:33,0
DA:42,0
DA:45,2
DA:46,0
DA:52,0
LF:17
LH:7
BRF:0
BRH:0
end_of_record
TN:
SF:src\api\facility\index.ts
FNF:0
FNH:0
DA:1,2
DA:3,2
DA:11,2
DA:14,2
DA:17,2
DA:20,2
DA:23,2
DA:26,2
DA:28,2
LF:9
LH:9
BRF:0
BRH:0
end_of_record
TN:
SF:src\api\hotel\hotel.controller.ts
FN:11,getAllHotelHandler
FN:17,getHotelHandler
FN:31,createHotelHandler
FN:41,(anonymous_13)
FN:54,updateHotelHandler
FN:66,deleteHotelHandler
FNF:6
FNH:0
FNDA:0,getAllHotelHandler
FNDA:0,getHotelHandler
FNDA:0,createHotelHandler
FNDA:0,(anonymous_13)
FNDA:0,updateHotelHandler
FNDA:0,deleteHotelHandler
DA:3,2
DA:11,2
DA:12,0
DA:14,0
DA:17,2
DA:18,0
DA:20,0
DA:22,0
DA:23,0
DA:28,0
DA:31,2
DA:32,0
DA:34,0
DA:35,0
DA:40,0
DA:41,0
DA:43,0
DA:44,0
DA:49,0
DA:51,0
DA:54,2
DA:55,0
DA:56,0
DA:57,0
DA:58,0
DA:59,0
DA:63,0
DA:66,2
DA:67,0
DA:69,0
DA:71,0
DA:72,0
DA:77,0
DA:79,0
LF:34
LH:6
BRDA:22,0,0,0
BRDA:34,1,0,0
BRDA:34,2,0,0
BRDA:34,2,1,0
BRDA:43,3,0,0
BRDA:58,4,0,0
BRDA:71,5,0,0
BRF:7
BRH:0
end_of_record
TN:
SF:src\api\hotel\hotel.service.ts
FN:9,getAllHotel
FN:14,getHotelById
FN:24,createHotel
FN:32,updateHotel
FN:45,deleteHotel
FNF:5
FNH:0
FNDA:0,getAllHotel
FNDA:0,getHotelById
FNDA:0,createHotel
FNDA:0,updateHotel
FNDA:0,deleteHotel
DA:1,2
DA:5,2
DA:9,2
DA:10,0
DA:11,0
DA:14,2
DA:15,0
DA:21,0
DA:24,2
DA:25,0
DA:29,0
DA:32,2
DA:33,0
DA:42,0
DA:45,2
DA:46,0
DA:52,0
LF:17
LH:7
BRF:0
BRH:0
end_of_record
TN:
SF:src\api\hotel\index.ts
FNF:0
FNH:0
DA:1,2
DA:3,2
DA:11,2
DA:14,2
DA:17,2
DA:20,2
DA:23,2
DA:26,2
DA:28,2
LF:9
LH:9
BRF:0
BRH:0
end_of_record
TN:
SF:src\api\image\image.controller.ts
FN:11,getAllImageHandler
FN:17,getImageHandler
FN:31,createImageHandler
FN:45,updateImageHandler
FN:57,deleteImageHandler
FNF:5
FNH:0
FNDA:0,getAllImageHandler
FNDA:0,getImageHandler
FNDA:0,createImageHandler
FNDA:0,updateImageHandler
FNDA:0,deleteImageHandler
DA:3,2
DA:11,2
DA:12,0
DA:14,0
DA:17,2
DA:18,0
DA:20,0
DA:22,0
DA:23,0
DA:28,0
DA:31,2
DA:32,0
DA:34,0
DA:35,0
DA:40,0
DA:42,0
DA:45,2
DA:46,0
DA:47,0
DA:48,0
DA:49,0
DA:50,0
DA:54,0
DA:57,2
DA:58,0
DA:60,0
DA:62,0
DA:63,0
DA:68,0
DA:70,0
LF:30
LH:6
BRDA:22,0,0,0
BRDA:34,1,0,0
BRDA:49,2,0,0
BRDA:62,3,0,0
BRF:4
BRH:0
end_of_record
TN:
SF:src\api\image\image.service.ts
FN:9,getAllImage
FN:14,getImageById
FN:24,createImage
FN:32,updateImage
FN:45,deleteImage
FNF:5
FNH:0
FNDA:0,getAllImage
FNDA:0,getImageById
FNDA:0,createImage
FNDA:0,updateImage
FNDA:0,deleteImage
DA:1,2
DA:5,2
DA:9,2
DA:10,0
DA:11,0
DA:14,2
DA:15,0
DA:21,0
DA:24,2
DA:25,0
DA:29,0
DA:32,2
DA:33,0
DA:42,0
DA:45,2
DA:46,0
DA:52,0
LF:17
LH:7
BRF:0
BRH:0
end_of_record
TN:
SF:src\api\image\index.ts
FNF:0
FNH:0
DA:1,2
DA:3,2
DA:11,2
DA:14,2
DA:17,2
DA:20,2
DA:23,2
DA:26,2
DA:28,2
LF:9
LH:9
BRF:0
BRH:0
end_of_record
TN:
SF:src\api\location\index.ts
FNF:0
FNH:0
DA:1,2
DA:3,2
DA:11,2
DA:14,2
DA:17,2
DA:20,2
DA:23,2
DA:26,2
DA:28,2
LF:9
LH:9
BRF:0
BRH:0
end_of_record
TN:
SF:src\api\location\location.controller.ts
FN:11,getAllLocationHandler
FN:17,getLocationHandler
FN:31,createLocationHandler
FN:45,updateLocationHandler
FN:57,deleteLocationHandler
FNF:5
FNH:0
FNDA:0,getAllLocationHandler
FNDA:0,getLocationHandler
FNDA:0,createLocationHandler
FNDA:0,updateLocationHandler
FNDA:0,deleteLocationHandler
DA:3,2
DA:11,2
DA:12,0
DA:14,0
DA:17,2
DA:18,0
DA:20,0
DA:22,0
DA:23,0
DA:28,0
DA:31,2
DA:32,0
DA:34,0
DA:35,0
DA:40,0
DA:42,0
DA:45,2
DA:46,0
DA:47,0
DA:48,0
DA:49,0
DA:50,0
DA:54,0
DA:57,2
DA:58,0
DA:60,0
DA:62,0
DA:63,0
DA:68,0
DA:70,0
LF:30
LH:6
BRDA:22,0,0,0
BRDA:34,1,0,0
BRDA:34,2,0,0
BRDA:34,2,1,0
BRDA:49,3,0,0
BRDA:62,4,0,0
BRF:6
BRH:0
end_of_record
TN:
SF:src\api\location\location.service.ts
FN:9,getAllLocation
FN:14,getLocationById
FN:24,createLocation
FN:32,updateLocation
FN:45,deleteLocation
FNF:5
FNH:0
FNDA:0,getAllLocation
FNDA:0,getLocationById
FNDA:0,createLocation
FNDA:0,updateLocation
FNDA:0,deleteLocation
DA:1,2
DA:5,2
DA:9,2
DA:10,0
DA:11,0
DA:14,2
DA:15,0
DA:21,0
DA:24,2
DA:25,0
DA:29,0
DA:32,2
DA:33,0
DA:42,0
DA:45,2
DA:46,0
DA:52,0
LF:17
LH:7
BRF:0
BRH:0
end_of_record
TN:
SF:src\api\room\index.ts
FNF:0
FNH:0
DA:1,2
DA:3,2
DA:11,2
DA:14,2
DA:17,2
DA:20,2
DA:23,2
DA:26,2
DA:28,2
LF:9
LH:9
BRF:0
BRH:0
end_of_record
TN:
SF:src\api\room\room.controller.ts
FN:11,getAllRoomHandler
FN:17,getRoomHandler
FN:31,createRoomHandler
FN:45,updateRoomHandler
FN:57,deleteRoomHandler
FNF:5
FNH:0
FNDA:0,getAllRoomHandler
FNDA:0,getRoomHandler
FNDA:0,createRoomHandler
FNDA:0,updateRoomHandler
FNDA:0,deleteRoomHandler
DA:3,2
DA:11,2
DA:12,0
DA:14,0
DA:17,2
DA:18,0
DA:20,0
DA:22,0
DA:23,0
DA:28,0
DA:31,2
DA:32,0
DA:34,0
DA:35,0
DA:40,0
DA:42,0
DA:45,2
DA:46,0
DA:47,0
DA:48,0
DA:49,0
DA:50,0
DA:54,0
DA:57,2
DA:58,0
DA:60,0
DA:62,0
DA:63,0
DA:68,0
DA:70,0
LF:30
LH:6
BRDA:22,0,0,0
BRDA:34,1,0,0
BRDA:34,2,0,0
BRDA:34,2,1,0
BRDA:49,3,0,0
BRDA:62,4,0,0
BRF:6
BRH:0
end_of_record
TN:
SF:src\api\room\room.service.ts
FN:9,getAllRoom
FN:14,getRoomById
FN:24,createRoom
FN:32,updateRoom
FN:45,deleteRoom
FNF:5
FNH:0
FNDA:0,getAllRoom
FNDA:0,getRoomById
FNDA:0,createRoom
FNDA:0,updateRoom
FNDA:0,deleteRoom
DA:1,2
DA:5,2
DA:9,2
DA:10,0
DA:11,0
DA:14,2
DA:15,0
DA:21,0
DA:24,2
DA:25,0
DA:29,0
DA:32,2
DA:33,0
DA:42,0
DA:45,2
DA:46,0
DA:52,0
LF:17
LH:7
BRF:0
BRH:0
end_of_record
TN:
SF:src\api\user\index.ts
FNF:0
FNH:0
DA:1,2
DA:3,2
DA:10,2
DA:11,2
DA:14,2
DA:17,2
DA:20,2
DA:23,2
DA:26,2
DA:28,2
LF:10
LH:10
BRF:0
BRH:0
end_of_record
TN:
SF:src\api\user\user.controller.ts
FN:12,getAllUsersHandler
FN:18,getUserHandler
FN:32,createUserHandler
FN:44,updateUserHandler
FN:56,deleteUserHandler
FNF:5
FNH:1
FNDA:1,getAllUsersHandler
FNDA:0,getUserHandler
FNDA:0,createUserHandler
FNDA:0,updateUserHandler
FNDA:0,deleteUserHandler
DA:2,2
DA:12,2
DA:13,1
DA:15,1
DA:18,2
DA:19,0
DA:21,0
DA:23,0
DA:24,0
DA:29,0
DA:32,2
DA:33,0
DA:35,0
DA:36,0
DA:37,0
DA:39,0
DA:44,2
DA:45,0
DA:46,0
DA:47,0
DA:48,0
DA:49,0
DA:53,0
DA:56,2
DA:57,0
DA:59,0
DA:61,0
DA:62,0
DA:67,0
DA:69,0
LF:30
LH:8
BRDA:23,0,0,0
BRDA:48,1,0,0
BRDA:61,2,0,0
BRF:3
BRH:0
end_of_record
TN:
SF:src\api\user\user.service.ts
FN:10,getAllUsers
FN:15,getUserById
FN:26,getUserByEmail
FN:47,createUser
FN:64,updateUser
FN:77,deleteUser
FNF:6
FNH:1
FNDA:1,getAllUsers
FNDA:0,getUserById
FNDA:0,getUserByEmail
FNDA:0,createUser
FNDA:0,updateUser
FNDA:0,deleteUser
DA:1,2
DA:5,2
DA:7,2
DA:10,2
DA:11,1
DA:12,1
DA:15,2
DA:16,0
DA:22,0
DA:26,2
DA:27,0
DA:43,0
DA:47,2
DA:48,0
DA:49,0
DA:51,0
DA:52,0
DA:57,0
DA:61,0
DA:64,2
DA:65,0
DA:74,0
DA:77,2
DA:78,0
DA:83,0
DA:89,0
LF:26
LH:11
BRDA:43,0,0,0
BRDA:43,0,1,0
BRDA:48,1,0,0
BRF:3
BRH:0
end_of_record
TN:
SF:src\auth\auth.controller.ts
FN:13,isAuthenticated
FN:15,(anonymous_8)
FN:15,(anonymous_9)
FN:46,hasRole
FN:49,(anonymous_11)
FN:51,(anonymous_12)
FN:53,(anonymous_13)
FNF:7
FNH:2
FNDA:2,isAuthenticated
FNDA:0,(anonymous_8)
FNDA:0,(anonymous_9)
FNDA:2,hasRole
FNDA:0,(anonymous_11)
FNDA:0,(anonymous_12)
FNDA:0,(anonymous_13)
DA:2,2
DA:3,2
DA:4,2
DA:13,2
DA:14,2
DA:15,0
DA:16,0
DA:18,0
DA:19,0
DA:22,0
DA:24,0
DA:25,0
DA:28,0
DA:30,0
DA:31,0
DA:34,0
DA:36,0
DA:46,2
DA:47,2
DA:50,0
DA:51,0
DA:52,0
DA:53,0
DA:55,0
DA:56,0
DA:59,0
LF:26
LH:7
BRDA:16,0,0,0
BRDA:16,0,1,0
BRDA:16,1,0,0
BRDA:16,1,1,0
BRDA:16,2,0,0
BRDA:16,2,1,0
BRDA:16,3,0,0
BRDA:16,3,1,0
BRDA:18,4,0,0
BRDA:24,5,0,0
BRDA:30,6,0,0
BRDA:55,7,0,0
BRF:12
BRH:0
end_of_record
TN:
SF:src\auth\auth.service.ts
FN:13,verifyToken
FN:28,signToken
FNF:2
FNH:0
FNDA:0,verifyToken
FNDA:0,signToken
DA:1,2
DA:5,2
DA:13,2
DA:14,0
DA:15,0
DA:17,0
DA:19,0
DA:28,2
DA:29,0
DA:31,0
LF:10
LH:4
BRF:0
BRH:0
end_of_record
TN:
SF:src\auth\local\index.ts
FNF:0
FNH:0
DA:2,2
DA:3,2
DA:4,2
DA:6,2
DA:12,2
LF:5
LH:5
BRF:0
BRH:0
end_of_record
TN:
SF:src\auth\local\local.controller.ts
FN:5,loginHandler
FN:32,(anonymous_9)
FNF:2
FNH:0
FNDA:0,loginHandler
FNDA:0,(anonymous_9)
DA:2,2
DA:3,2
DA:4,2
DA:5,2
DA:7,0
DA:9,0
DA:10,0
DA:11,0
DA:12,0
DA:16,0
DA:18,0
DA:19,0
DA:23,0
DA:27,0
DA:29,0
DA:32,0
DA:38,0
DA:41,0
LF:18
LH:4
BRDA:11,0,0,0
BRDA:18,1,0,0
BRF:2
BRH:0
end_of_record
TN:
SF:src\auth\utils\bcrypt.ts
FN:3,hashPassword
FN:8,comparePassword
FN:12,hashPasswordSync
FNF:3
FNH:0
FNDA:0,hashPassword
FNDA:0,comparePassword
FNDA:0,hashPasswordSync
DA:1,2
DA:3,2
DA:4,0
DA:5,0
DA:8,2
DA:9,0
DA:12,2
DA:14,0
DA:17,0
LF:9
LH:4
BRF:0
BRH:0
end_of_record
TN:
SF:src\config\app.ts
FNF:0
FNH:0
DA:1,2
DA:2,2
DA:4,2
DA:5,2
DA:7,2
DA:8,2
DA:10,2
DA:11,2
DA:13,2
LF:9
LH:9
BRF:0
BRH:0
end_of_record
TN:
SF:src\config\express.ts
FN:6,configExpress
FNF:1
FNH:1
FNDA:2,configExpress
DA:1,2
DA:2,2
DA:3,2
DA:4,2
DA:7,2
DA:8,2
DA:9,2
DA:10,2
DA:15,2
LF:9
LH:9
BRF:0
BRH:0
end_of_record
